This file contains any messages produced by compilers while
running configure, to aid debugging if configure makes a mistake.

It was created by configure, which was
generated by GNU Autoconf 2.52.20210509.  Invocation command line was

  $ ./configure --prefix=/usr/local --with-shared --with-normal --enable-widec --enable-static --disable-shared

## ---------- ##
## Platform.  ##
## ---------- ##

hostname = archPC
uname -m = x86_64
uname -r = 6.11.0-arch1-1
uname -s = Linux
uname -v = #1 SMP PREEMPT_DYNAMIC Sun, 15 Sep 2024 18:38:36 +0000

/usr/bin/uname -p = unknown
/bin/uname -X     = unknown

/bin/arch              = unknown
/usr/bin/arch -k       = unknown
/usr/convex/getsysinfo = unknown
hostinfo               = unknown
/bin/machine           = unknown
/usr/bin/oslevel       = unknown
/bin/universe          = unknown

PATH = /usr/local/sbin:/usr/local/bin:/usr/bin

## ------------ ##
## Core tests.  ##
## ------------ ##

configure:1170: PATH=".;."; conftest.sh
./configure: line 1171: conftest.sh: command not found
configure:1173: $? = 127
configure:1190: checking for ggrep
configure:1216: result: no
configure:1190: checking for grep
configure:1205: found /usr/bin/grep
configure:1213: result: grep
configure:1224: checking for egrep
configure:1280: result: grep -E
configure:1290: result: Configuring NCURSES 6.3 ABI 6 (Sun Sep 22 11:52:23 UTC 2024)
configure:1294: checking for package version
configure:1315: result: 6.3
configure:1318: checking for package patch date
configure:1335: result: 20211021
configure:1346: testing ABI VERSION 5:0:10 ...
configure:1350: testing VERSION_MAJOR 6 ...
configure:1354: testing VERSION_MINOR 3 ...
configure:1358: testing VERSION_PATCH 20211021 ...
configure:1500: checking build system type
configure:1518: result: x86_64-pc-linux-gnu
configure:1525: checking host system type
configure:1539: result: x86_64-pc-linux-gnu
configure:1547: checking target system type
configure:1561: result: x86_64-pc-linux-gnu
configure:1593: result: Configuring for linux-gnu
configure:1618: checking for fgrep
configure:1674: result: grep -F
configure:1678: checking for prefix
configure:1690: result: /usr/local
configure:1860: checking for C compiler version
configure:1863: clang --version </dev/null >&5
clang version 18.1.8
Target: x86_64-pc-linux-gnu
Thread model: posix
InstalledDir: /home/mellw/Projects/NanoX/src/lib/ncurses-6.3
configure:1866: $? = 0
configure:1868: clang -v </dev/null >&5
clang version 18.1.8
Target: x86_64-pc-linux-gnu
Thread model: posix
InstalledDir: /home/mellw/Projects/NanoX/src/lib/ncurses-6.3
Found candidate GCC installation: /usr/lib/gcc/x86_64-pc-linux-gnu/14.2.1
Found candidate GCC installation: /usr/lib64/gcc/x86_64-pc-linux-gnu/14.2.1
Selected GCC installation: /usr/lib64/gcc/x86_64-pc-linux-gnu/14.2.1
Candidate multilib: .;@m64
Candidate multilib: 32;@m32
Selected multilib: .;@m64
configure:1871: $? = 0
configure:1873: clang -V </dev/null >&5
clang: error: argument to '-V' is missing (expected 1 value)
clang: error: no input files
configure:1876: $? = 1
configure:1896: checking for C compiler default output
configure:1899: clang -O3  -O3 -flto conftest.c  >&5
configure:1902: $? = 0
configure:1931: result: a.out
configure:1936: checking whether the C compiler works
configure:1942: ./a.out
configure:1945: $? = 0
configure:1960: result: yes
configure:1967: checking whether we are cross compiling
configure:1969: result: no
configure:1972: checking for executable suffix
configure:1974: clang -o conftest -O3  -O3 -flto conftest.c  >&5
configure:1977: $? = 0
configure:1999: result: 
configure:2005: checking for object suffix
configure:2023: clang -c -O3  conftest.c >&5
configure:2026: $? = 0
configure:2045: result: o
configure:2049: checking whether we are using the GNU C compiler
configure:2070: clang -c -O3  conftest.c >&5
configure:2073: $? = 0
configure:2076: test -s conftest.o
configure:2079: $? = 0
configure:2091: result: yes
configure:2097: checking whether clang accepts -g
configure:2115: clang -c -g  conftest.c >&5
configure:2118: $? = 0
configure:2121: test -s conftest.o
configure:2124: $? = 0
configure:2134: result: yes
configure:2161: clang -c -O3  conftest.c >&5
conftest.c:2:3: error: unknown type name 'choke'
    2 |   choke me
      |   ^
conftest.c:2:11: error: expected ';' after top level declarator
    2 |   choke me
      |           ^
      |           ;
2 errors generated.
configure:2164: $? = 1
configure: failed program was:
#ifndef __cplusplus
  choke me
#endif
configure:2265: checking version of clang
configure:2269: result: 18.1.8
configure:2278: checking if this is really Intel C compiler
configure:2300: clang -c -O3 -no-gcc  conftest.c >&5
clang: error: unknown argument: '-no-gcc'
configure:2303: $? = 1
configure: failed program was:
#line 2283 "configure"
#include "confdefs.h"

int
main (void)
{

#ifdef __INTEL_COMPILER
#else
make an error
#endif

  ;
  return 0;
}
configure:2320: result: no
configure:2329: checking if this is really Clang C compiler
configure:2350: clang -c -O3  conftest.c >&5
configure:2353: $? = 0
configure:2356: test -s conftest.o
configure:2359: $? = 0
configure:2369: result: yes
configure:2385: checking version of clang
configure:2389: result: 18.1.8
configure:2396: checking if option -Qunused-arguments works
configure:2415: clang -o conftest -O3 -Qunused-arguments  -O3 -flto conftest.c  >&5
configure:2418: $? = 0
configure:2421: test -s conftest
configure:2424: $? = 0
configure:2435: result: yes
configure:2441: testing adding option -Qunused-arguments ...
configure:2396: checking if option -Wno-error=implicit-function-declaration works
configure:2415: clang -o conftest -O3 -Qunused-arguments -Wno-error=implicit-function-declaration  -O3 -flto conftest.c  >&5
configure:2418: $? = 0
configure:2421: test -s conftest
configure:2424: $? = 0
configure:2435: result: yes
configure:2441: testing adding option -Wno-error=implicit-function-declaration ...
configure:2450: checking for clang option to accept ANSI C
configure:2507: clang  -c -O3 -Qunused-arguments -Wno-error=implicit-function-declaration  conftest.c >&5
configure:2466:14: warning: a function definition without a prototype is deprecated in all versions of C and is not supported in C23 [-Wdeprecated-non-prototype]
 2466 | static char *e (p, i)
      |              ^
1 warning generated.
configure:2510: $? = 0
configure:2513: test -s conftest.o
configure:2516: $? = 0
configure:2533: result: none needed
configure:2544: checking $CFLAGS variable
configure:2658: result: ok
configure:2663: checking $CC variable
configure:2798: result: ok
configure:2809: checking how to run the C preprocessor
configure:2835: clang -E  conftest.c
configure:2841: $? = 0
configure:2868: clang -E  conftest.c
configure:2865:10: fatal error: 'ac_nonexistent.h' file not found
 2865 | #include <ac_nonexistent.h>
      |          ^~~~~~~~~~~~~~~~~~
1 error generated.
configure:2874: $? = 1
configure: failed program was:
#line 2864 "configure"
#include "confdefs.h"
#include <ac_nonexistent.h>
configure:2911: result: clang -E
configure:2926: clang -E  conftest.c
configure:2932: $? = 0
configure:2959: clang -E  conftest.c
configure:2956:10: fatal error: 'ac_nonexistent.h' file not found
 2956 | #include <ac_nonexistent.h>
      |          ^~~~~~~~~~~~~~~~~~
1 error generated.
configure:2965: $? = 1
configure: failed program was:
#line 2955 "configure"
#include "confdefs.h"
#include <ac_nonexistent.h>
configure:3006: checking whether clang needs -traditional
configure:3041: result: no
configure:3048: checking whether clang understands -c and -o together
configure:3063: clang -O3 -Qunused-arguments -Wno-error=implicit-function-declaration  -c conftest.c -o conftest2.o >&5
configure:3066: $? = 0
configure:3068: clang -O3 -Qunused-arguments -Wno-error=implicit-function-declaration  -c conftest.c -o conftest2.o >&5
configure:3071: $? = 0
configure:3082: result: yes
configure:3099: checking for ldconfig
configure:3116: found /usr/bin/ldconfig
configure:3127: result: /usr/bin/ldconfig
configure:3138: checking if you want to ensure bool is consistent with C++
configure:3148: result: yes
configure:3243: checking for C++ compiler version
configure:3246: clang++ --version </dev/null >&5
clang version 18.1.8
Target: x86_64-pc-linux-gnu
Thread model: posix
InstalledDir: /home/mellw/Projects/NanoX/src/lib/ncurses-6.3
configure:3249: $? = 0
configure:3251: clang++ -v </dev/null >&5
clang version 18.1.8
Target: x86_64-pc-linux-gnu
Thread model: posix
InstalledDir: /home/mellw/Projects/NanoX/src/lib/ncurses-6.3
Found candidate GCC installation: /usr/lib/gcc/x86_64-pc-linux-gnu/14.2.1
Found candidate GCC installation: /usr/lib64/gcc/x86_64-pc-linux-gnu/14.2.1
Selected GCC installation: /usr/lib64/gcc/x86_64-pc-linux-gnu/14.2.1
Candidate multilib: .;@m64
Candidate multilib: 32;@m32
Selected multilib: .;@m64
configure:3254: $? = 0
configure:3256: clang++ -V </dev/null >&5
clang++: error: argument to '-V' is missing (expected 1 value)
clang++: error: no input files
configure:3259: $? = 1
configure:3262: checking whether we are using the GNU C++ compiler
configure:3283: clang++ -c -O3  conftest.cc >&5
configure:3286: $? = 0
configure:3289: test -s conftest.o
configure:3292: $? = 0
configure:3304: result: yes
configure:3310: checking whether clang++ accepts -g
configure:3328: clang++ -c -g  conftest.cc >&5
configure:3331: $? = 0
configure:3334: test -s conftest.o
configure:3337: $? = 0
configure:3347: result: yes
configure:3387: clang++ -c -O3  conftest.cc >&5
configure:3390: $? = 0
configure:3393: test -s conftest.o
configure:3396: $? = 0
configure:3418: clang++ -c -O3  conftest.cc >&5
configure:3411:1: error: use of undeclared identifier 'exit'
 3411 | exit (42);
      | ^
1 error generated.
configure:3421: $? = 1
configure: failed program was:
#line 3406 "configure"
#include "confdefs.h"

int
main (void)
{
exit (42);
  ;
  return 0;
}
configure:3387: clang++ -c -O3  conftest.cc >&5
configure:3390: $? = 0
configure:3393: test -s conftest.o
configure:3396: $? = 0
configure:3418: clang++ -c -O3  conftest.cc >&5
configure:3421: $? = 0
configure:3424: test -s conftest.o
configure:3427: $? = 0
configure:3461: checking if clang++ works
configure:3486: clang++ -c -O3  -I/usr/local/include conftest.cc >&5

## ----------------- ##
## Cache variables.  ##
## ----------------- ##

ac_cv_build=x86_64-pc-linux-gnu
ac_cv_build_alias=x86_64-pc-linux-gnu
ac_cv_c_compiler_gnu=yes
ac_cv_cxx_compiler_gnu=yes
ac_cv_env_CC_set=set
ac_cv_env_CC_value=clang
ac_cv_env_CFLAGS_set=set
ac_cv_env_CFLAGS_value=-O3
ac_cv_env_CPPFLAGS_set=
ac_cv_env_CPPFLAGS_value=
ac_cv_env_CPP_set=
ac_cv_env_CPP_value=
ac_cv_env_CXXCPP_set=
ac_cv_env_CXXCPP_value=
ac_cv_env_CXXFLAGS_set=set
ac_cv_env_CXXFLAGS_value=-O3
ac_cv_env_CXX_set=set
ac_cv_env_CXX_value=clang++
ac_cv_env_LDFLAGS_set=set
ac_cv_env_LDFLAGS_value='-O3 -flto'
ac_cv_env_build_alias_set=
ac_cv_env_build_alias_value=
ac_cv_env_host_alias_set=
ac_cv_env_host_alias_value=
ac_cv_env_target_alias_set=
ac_cv_env_target_alias_value=
ac_cv_host=x86_64-pc-linux-gnu
ac_cv_host_alias=x86_64-pc-linux-gnu
ac_cv_objext=o
ac_cv_path_EGREP='grep -E'
ac_cv_path_FGREP='grep -F'
ac_cv_path_LDCONFIG=/usr/bin/ldconfig
ac_cv_prog_CPP='clang -E'
ac_cv_prog_GREP=grep
ac_cv_prog_cc_g=yes
ac_cv_prog_cc_stdc=
ac_cv_prog_cxx_g=yes
ac_cv_prog_gcc_traditional=no
ac_cv_target=x86_64-pc-linux-gnu
ac_cv_target_alias=x86_64-pc-linux-gnu
cf_cv_abi_version=6
cf_cv_prog_CC_c_o=yes
cf_cv_rel_version=6.3
cf_cv_system_name=linux-gnu
cf_cv_timestamp='Sun Sep 22 11:52:23 UTC 2024'

## ------------ ##
## confdefs.h.  ##
## ------------ ##

#define PACKAGE "ncurses"
#define NCURSES_VERSION "6.3"
#define NCURSES_PATCHDATE 20211021
#define SYSTEM_NAME "linux-gnu"
#ifdef __cplusplus
#include <stdlib.h>
#endif


configure: caught signal 2
configure: exit 1
